<?xml version="1.0" encoding="UTF-8"?>
<!-- Generated by org.testng.reporters.JUnitReportReporter -->
<testsuite hostname="LAPTOP-OPNROV1C" failures="0" tests="1" name="Tests.UserRegistrationTest" time="2.413" errors="0" timestamp="2022-04-05T12:22:36 EET" skipped="0">
  <testcase classname="Tests.UserRegistrationTest" name="UserRegisterSuccessfully" time="2.413"/>
  <system-out/>
</testsuite> <!-- Tests.UserRegistrationTest -->
