<?xml version="1.0" encoding="UTF-8"?>
<!-- Generated by org.testng.reporters.JUnitReportReporter -->
<testsuite hostname="LAPTOP-OPNROV1C" failures="0" tests="2" name="Tests.ChangeCurrencyTest" time="3.896" errors="0" timestamp="2022-06-03T12:05:47 EET" skipped="0">
  <testcase classname="Tests.ChangeCurrencyTest" name="UserCanChangeCurrency" time="1.034"/>
  <system-out/>
  <testcase classname="Tests.ChangeCurrencyTest" name="UserCanSearchWithAutoSuggest" time="2.862"/>
  <system-out/>
</testsuite> <!-- Tests.ChangeCurrencyTest -->
