<?xml version="1.0" encoding="UTF-8"?>
<!-- Generated by org.testng.reporters.JUnitReportReporter -->
<testsuite hostname="LAPTOP-OPNROV1C" failures="0" tests="3" name="Tests.UserRegistrationTestWithDDTandJavaFaker" time="5.693" errors="0" timestamp="2022-06-03T12:05:47 EET" skipped="0">
  <testcase classname="Tests.UserRegistrationTestWithDDTandJavaFaker" name="RegisterdUserCanLogin" time="2.073"/>
  <system-out/>
  <testcase classname="Tests.UserRegistrationTestWithDDTandJavaFaker" name="RegisterdUserCanLogout" time="1.045"/>
  <system-out/>
  <testcase classname="Tests.UserRegistrationTestWithDDTandJavaFaker" name="UserRegisterSuccessfully" time="2.575"/>
  <system-out/>
</testsuite> <!-- Tests.UserRegistrationTestWithDDTandJavaFaker -->
