<?xml version="1.0" encoding="UTF-8"?>
<!-- Generated by org.testng.reporters.JUnitReportReporter -->
<testsuite hostname="LAPTOP-OPNROV1C" failures="0" tests="1" name="Tests.ProductHoverMenuTest" time="1.132" errors="0" timestamp="2022-06-03T12:05:47 EET" skipped="0">
  <testcase classname="Tests.ProductHoverMenuTest" name="UserCanSelectCategoryFromMenu" time="1.132"/>
  <system-out/>
</testsuite> <!-- Tests.ProductHoverMenuTest -->
